Determining if the pthread_create exist failed with the following output:
Change Dir: /home/sb/Downloads/CppND-Route-Planning-Project/build/CMakeFiles/CMakeTmp

Run Build Command(s):/usr/bin/make cmTC_f5ba1/fast 
/usr/bin/make -f CMakeFiles/cmTC_f5ba1.dir/build.make CMakeFiles/cmTC_f5ba1.dir/build
make[1]: Entering directory '/home/sb/Downloads/CppND-Route-Planning-Project/build/CMakeFiles/CMakeTmp'
Building C object CMakeFiles/cmTC_f5ba1.dir/CheckSymbolExists.c.o
/usr/bin/cc    -o CMakeFiles/cmTC_f5ba1.dir/CheckSymbolExists.c.o   -c /home/sb/Downloads/CppND-Route-Planning-Project/build/CMakeFiles/CMakeTmp/CheckSymbolExists.c
Linking C executable cmTC_f5ba1
/usr/local/bin/cmake -E cmake_link_script CMakeFiles/cmTC_f5ba1.dir/link.txt --verbose=1
/usr/bin/cc      -rdynamic CMakeFiles/cmTC_f5ba1.dir/CheckSymbolExists.c.o  -o cmTC_f5ba1 
CMakeFiles/cmTC_f5ba1.dir/CheckSymbolExists.c.o: In function `main':
CheckSymbolExists.c:(.text+0x16): undefined reference to `pthread_create'
collect2: error: ld returned 1 exit status
CMakeFiles/cmTC_f5ba1.dir/build.make:86: recipe for target 'cmTC_f5ba1' failed
make[1]: *** [cmTC_f5ba1] Error 1
make[1]: Leaving directory '/home/sb/Downloads/CppND-Route-Planning-Project/build/CMakeFiles/CMakeTmp'
Makefile:121: recipe for target 'cmTC_f5ba1/fast' failed
make: *** [cmTC_f5ba1/fast] Error 2

File /home/sb/Downloads/CppND-Route-Planning-Project/build/CMakeFiles/CMakeTmp/CheckSymbolExists.c:
/* */
#include <pthread.h>

int main(int argc, char** argv)
{
  (void)argv;
#ifndef pthread_create
  return ((int*)(&pthread_create))[argc];
#else
  (void)argc;
  return 0;
#endif
}

Determining if the function pthread_create exists in the pthreads failed with the following output:
Change Dir: /home/sb/Downloads/CppND-Route-Planning-Project/build/CMakeFiles/CMakeTmp

Run Build Command(s):/usr/bin/make cmTC_4e18d/fast 
/usr/bin/make -f CMakeFiles/cmTC_4e18d.dir/build.make CMakeFiles/cmTC_4e18d.dir/build
make[1]: Entering directory '/home/sb/Downloads/CppND-Route-Planning-Project/build/CMakeFiles/CMakeTmp'
Building C object CMakeFiles/cmTC_4e18d.dir/CheckFunctionExists.c.o
/usr/bin/cc   -DCHECK_FUNCTION_EXISTS=pthread_create   -o CMakeFiles/cmTC_4e18d.dir/CheckFunctionExists.c.o   -c /usr/local/share/cmake-3.14/Modules/CheckFunctionExists.c
Linking C executable cmTC_4e18d
/usr/local/bin/cmake -E cmake_link_script CMakeFiles/cmTC_4e18d.dir/link.txt --verbose=1
/usr/bin/cc  -DCHECK_FUNCTION_EXISTS=pthread_create    -rdynamic CMakeFiles/cmTC_4e18d.dir/CheckFunctionExists.c.o  -o cmTC_4e18d -lpthreads 
/usr/bin/ld: cannot find -lpthreads
collect2: error: ld returned 1 exit status
CMakeFiles/cmTC_4e18d.dir/build.make:86: recipe for target 'cmTC_4e18d' failed
make[1]: *** [cmTC_4e18d] Error 1
make[1]: Leaving directory '/home/sb/Downloads/CppND-Route-Planning-Project/build/CMakeFiles/CMakeTmp'
Makefile:121: recipe for target 'cmTC_4e18d/fast' failed
make: *** [cmTC_4e18d/fast] Error 2


